<?xml version="1.0" encoding="UTF-8"?>
<testsuites name="jest tests" tests="1" failures="0" time="9.19">
  <testsuite name="undefined" errors="0" failures="0" skipped="0" timestamp="2022-02-17T11:46:46" time="9.14" tests="1">
    <testcase classname=" chunk array with 10 element into 4 element/chunk tobe 3 chunks" name=" chunk array with 10 element into 4 element/chunk tobe 3 chunks" time="0.003">
    </testcase>
  </testsuite>
</testsuites>