<?xml version="1.0" encoding="UTF-8"?>
<testsuites name="jest tests" tests="1" failures="0" time="52.586">
  <testsuite name="undefined" errors="0" failures="0" skipped="0" timestamp="2020-04-03T14:44:09" time="44.614" tests="1">
    <testcase classname=" chunk array with 10 element into 4 element/chunk tobe 3 chunks" name=" chunk array with 10 element into 4 element/chunk tobe 3 chunks" time="0.003">
    </testcase>
  </testsuite>
</testsuites>